[mcp__SynaBun__recall] {'query': 'archetype detection hybrid archetype deck stack interaction AI'}
[Glob] {'pattern': '**/*archetype*.ts'}
[Glob] {'pattern': '**/*stack*.ts'}
[Read] {'file_path': '/home/alex/Projects/planar-nexus/.sdd/worktrees/backend-6b77ad88/src/ai/archetype-detector.ts'}
[Read] {'file_path': '/home/alex/Projects/planar-nexus/.sdd/worktrees/backend-6b77ad88/src/ai/archetype-signatures.ts'}
[Read] {'file_path': '/home/alex/Projects/planar-nexus/.sdd/worktrees/backend-6b77ad88/src/ai/stack-interaction-ai.ts'}
Looking at the two tasks, I need to:

1. **Task 1**: Add hybrid archetype nuance with blend percentage
2. **Task 2**: Replace generic 'likely' checks with data-driven frequency model

Let me read the test files to understand the expected behavior:
[Read] {'file_path': '/home/alex/Projects/planar-nexus/.sdd/worktrees/backend-6b77ad88/src/ai/__tests__/archetype-detector.test.ts'}
[Read] {'file_path': '/home/alex/Projects/planar-nexus/.sdd/worktrees/backend-6b77ad88/src/ai/__tests__/stack-interaction-ai.test.ts'}
Now I understand the tasks. Let me implement both:

1. **Task 1**: Add hybrid archetype nuance with blend percentage
2. **Task 2**: Replace generic 'likely' counterspell checks with data-driven frequency model
[Edit] {'replace_all': False, 'file_path': '/home/alex/Projects/planar-nexus/.sdd/worktrees/backend-6b77ad88/src/ai/archetype-signatures.ts', 'old_string': '
[Edit] {'replace_all': False, 'file_path': '/home/alex/Projects/planar-nexus/.sdd/worktrees/backend-6b77ad88/src/ai/archetype-detector.ts', 'old_string': '/*
[Edit] {'replace_all': False, 'file_path': '/home/alex/Projects/planar-nexus/.sdd/worktrees/backend-6b77ad88/src/ai/archetype-detector.ts', 'old_string': '  
Now let me add tests for hybrid archetype detection:
[Edit] {'replace_all': False, 'file_path': '/home/alex/Projects/planar-nexus/.sdd/worktrees/backend-6b77ad88/src/ai/__tests__/archetype-detector.test.ts', 'o
Now let me work on Task 2: Build opponent counterspell frequency model. I'll create a frequency model file:
[Write] {'file_path': '/home/alex/Projects/planar-nexus/.sdd/worktrees/backend-6b77ad88/src/ai/counterspell-frequency-model.ts', 'content': "/**\n * @fileover
Now let me update the stack-interaction-ai.ts to use the frequency model:
[Edit] {'replace_all': False, 'file_path': '/home/alex/Projects/planar-nexus/.sdd/worktrees/backend-6b77ad88/src/ai/stack-interaction-ai.ts', 'old_string': "
[Edit] {'replace_all': False, 'file_path': '/home/alex/Projects/planar-nexus/.sdd/worktrees/backend-6b77ad88/src/ai/stack-interaction-ai.ts', 'old_string': '
[Edit] {'replace_all': False, 'file_path': '/home/alex/Projects/planar-nexus/.sdd/worktrees/backend-6b77ad88/src/ai/stack-interaction-ai.ts', 'old_string': "
[Edit] {'replace_all': False, 'file_path': '/home/alex/Projects/planar-nexus/.sdd/worktrees/backend-6b77ad88/src/ai/stack-interaction-ai.ts', 'old_string': "
[Edit] {'replace_all': False, 'file_path': '/home/alex/Projects/planar-nexus/.sdd/worktrees/backend-6b77ad88/src/ai/stack-interaction-ai.ts', 'old_string': '
[Edit] {'replace_all': False, 'file_path': '/home/alex/Projects/planar-nexus/.sdd/worktrees/backend-6b77ad88/src/ai/stack-interaction-ai.ts', 'old_string': "
Now let me add tests for the counterspell frequency model:
[Write] {'file_path': '/home/alex/Projects/planar-nexus/.sdd/worktrees/backend-6b77ad88/src/ai/__tests__/counterspell-frequency-model.test.ts', 'content': "/*
Now let me run the tests to verify both implementations work:
[Bash] {'command': 'npm test -- --testPathPattern=archetype-detector.test.ts --testPathPattern=counterspell-frequency-model.test.ts --testPathPattern=stack-i
I need to fix 3 test failures. Let me address them:
[Edit] {'replace_all': False, 'file_path': '/home/alex/Projects/planar-nexus/.sdd/worktrees/backend-6b77ad88/src/ai/counterspell-frequency-model.ts', 'old_st
[Edit] {'replace_all': False, 'file_path': '/home/alex/Projects/planar-nexus/.sdd/worktrees/backend-6b77ad88/src/ai/counterspell-frequency-model.ts', 'old_st
[Edit] {'replace_all': False, 'file_path': '/home/alex/Projects/planar-nexus/.sdd/worktrees/backend-6b77ad88/src/ai/__tests__/counterspell-frequency-model.te
[Edit] {'replace_all': False, 'file_path': '/home/alex/Projects/planar-nexus/.sdd/worktrees/backend-6b77ad88/src/ai/__tests__/counterspell-frequency-model.te
[Edit] {'replace_all': False, 'file_path': '/home/alex/Projects/planar-nexus/.sdd/worktrees/backend-6b77ad88/src/ai/__tests__/archetype-detector.test.ts', 'o
[Bash] {'command': 'npm test -- --testPathPattern=archetype-detector.test.ts --testPathPattern=counterspell-frequency-model.test.ts --testPathPattern=stack-i
All tests pass! Now let me commit the changes:
[Bash] {'command': 'git add -A && git diff --staged --stat', 'description': 'Stage all changes and show diff summary'}
[Bash] {'command': 'git commit -m "$(cat <<\'EOF\'\nfeat: Add hybrid archetype nuance and data-driven counterspell model\n\nTask 1 (GH#681): Add hybrid arche
[Bash] {'command': 'curl -s -w \'\\n%{http_code}\' --retry 3 --retry-delay 2 --retry-connrefused -X POST http://127.0.0.1:8052/tasks/2744e4000a10/complete -H
[Bash] {'command': 'curl -s -w \'\\n%{http_code}\' --retry 3 --retry-delay 2 --retry-connrefused -X POST http://127.0.0.1:8052/tasks/361dad91594c/complete -H
