I'll complete both tasks. Let me first check my memory for relevant context, then explore the codebase.
[mcp__SynaBun__recall] {'queries': '["stack interaction", "AI remediation", "YouTube ingestion", "transcript download", "Genkit flows", "stack dependency"]'}
[mcp__plugin_context-mode_context-mode__ctx_batch_execute] {'commands': '[{"label": "Explore stack interaction AI code", "command": "find . -name \'*stack*\' -type f | grep -E \'\\\\.(ts|tsx|js|jsx)$\' | head 
Let me use the correct tool parameters:
[ToolSearch] {'query': 'select:ctx_batch_execute', 'max_results': 1}
[Bash] {'command': "find . -name '*stack*' -type f | grep -E '\\.(ts|tsx)$' | head -20", 'description': 'Find stack-related TypeScript files'}
[Bash] {'command': "ls -la src/ai/flows/ 2>/dev/null || ls -la ai/flows/ 2>/dev/null || echo 'flows dir not found'", 'description': 'List AI flows directory'
[Bash] {'command': "find . -name '*brainstorm*' -o -name '*BRD*' | head -10", 'description': 'Find brainstorm documents'}
[Read] {'file_path': '/home/alex/Projects/planar-nexus/.sdd/worktrees/backend-e7af51d8/src/ai/stack-interaction-ai.ts'}
[Read] {'file_path': '/home/alex/Projects/planar-nexus/.sdd/worktrees/backend-e7af51d8/src/ai/__tests__/stack-interaction-ai.test.ts'}
[Bash] {'command': "find . -name 'package.json' | head -5", 'description': 'Find package.json files'}
I'll complete both tasks. Let me start by examining the project structure and then implement the required functionality.
[Read] {'file_path': '/home/alex/Projects/planar-nexus/.sdd/worktrees/backend-e7af51d8/package.json'}
[Bash] {'command': 'ls -la src/ai/ && ls -la src/lib/', 'description': 'List AI and lib directories'}
[Bash] {'command': "find . -name 'yt-dlp*' -o -name 'youtube*' | head -10", 'description': 'Find YouTube-related files'}
Now I'll implement both tasks. Let me start with Task 1 (stack dependency analysis) and then Task 2 (YouTube ingestion pipeline).
[Bash] {'command': 'ls -la scripts/ 2>/dev/null || echo "No scripts dir" && mkdir -p scripts', 'description': 'Check/create scripts directory'}
[Write] {'file_path': '/home/alex/Projects/planar-nexus/.sdd/worktrees/backend-e7af51d8/src/ai/stack-dependency-analyzer.ts', 'content': '/**\n * @fileovervie
[Write] {'file_path': '/home/alex/Projects/planar-nexus/.sdd/worktrees/backend-e7af51d8/src/ai/__tests__/stack-dependency-analyzer.test.ts', 'content': "/**\n
[Write] {'file_path': '/home/alex/Projects/planar-nexus/.sdd/worktrees/backend-e7af51d8/scripts/youtube-transcript-ingestion.ts', 'content': '#!/usr/bin/env n
[Read] {'file_path': '/home/alex/Projects/planar-nexus/.sdd/worktrees/backend-e7af51d8/src/ai/stack-interaction-ai.ts', 'limit': 50, 'offset': 1450}
[Edit] {'replace_all': False, 'file_path': '/home/alex/Projects/planar-nexus/.sdd/worktrees/backend-e7af51d8/src/ai/stack-interaction-ai.ts', 'old_string': "
[Edit] {'replace_all': False, 'file_path': '/home/alex/Projects/planar-nexus/.sdd/worktrees/backend-e7af51d8/src/ai/stack-interaction-ai.ts', 'old_string': "
[Edit] {'replace_all': False, 'file_path': '/home/alex/Projects/planar-nexus/.sdd/worktrees/backend-e7af51d8/src/ai/stack-interaction-ai.ts', 'old_string': "
[Bash] {'command': 'npm test -- stack-dependency-analyzer.test.ts --passWithNoTests 2>&1 | head -50', 'description': 'Run stack dependency analyzer tests'}
[Edit] {'replace_all': False, 'file_path': '/home/alex/Projects/planar-nexus/.sdd/worktrees/backend-e7af51d8/src/ai/__tests__/stack-dependency-analyzer.test.
[Edit] {'replace_all': False, 'file_path': '/home/alex/Projects/planar-nexus/.sdd/worktrees/backend-e7af51d8/src/ai/__tests__/stack-dependency-analyzer.test.
[Edit] {'replace_all': False, 'file_path': '/home/alex/Projects/planar-nexus/.sdd/worktrees/backend-e7af51d8/src/ai/__tests__/stack-dependency-analyzer.test.
[Edit] {'replace_all': False, 'file_path': '/home/alex/Projects/planar-nexus/.sdd/worktrees/backend-e7af51d8/src/ai/__tests__/stack-dependency-analyzer.test.
[Edit] {'replace_all': False, 'file_path': '/home/alex/Projects/planar-nexus/.sdd/worktrees/backend-e7af51d8/src/ai/__tests__/stack-dependency-analyzer.test.
[Bash] {'command': 'npm test -- stack-dependency-analyzer.test.ts --passWithNoTests 2>&1 | head -60', 'description': 'Run fixed tests'}
[Edit] {'replace_all': False, 'file_path': '/home/alex/Projects/planar-nexus/.sdd/worktrees/backend-e7af51d8/src/ai/stack-dependency-analyzer.ts', 'old_strin
[Edit] {'replace_all': False, 'file_path': '/home/alex/Projects/planar-nexus/.sdd/worktrees/backend-e7af51d8/src/ai/stack-dependency-analyzer.ts', 'old_strin
[Bash] {'command': 'npm test -- stack-dependency-analyzer.test.ts --passWithNoTests 2>&1 | tail -30', 'description': 'Run tests again'}
[Edit] {'replace_all': False, 'file_path': '/home/alex/Projects/planar-nexus/.sdd/worktrees/backend-e7af51d8/src/ai/__tests__/stack-dependency-analyzer.test.
[Edit] {'replace_all': False, 'file_path': '/home/alex/Projects/planar-nexus/.sdd/worktrees/backend-e7af51d8/src/ai/__tests__/stack-dependency-analyzer.test.
[Edit] {'replace_all': False, 'file_path': '/home/alex/Projects/planar-nexus/.sdd/worktrees/backend-e7af51d8/src/ai/__tests__/stack-dependency-analyzer.test.
[Edit] {'replace_all': False, 'file_path': '/home/alex/Projects/planar-nexus/.sdd/worktrees/backend-e7af51d8/src/ai/__tests__/stack-dependency-analyzer.test.
[Edit] {'replace_all': False, 'file_path': '/home/alex/Projects/planar-nexus/.sdd/worktrees/backend-e7af51d8/src/ai/__tests__/stack-dependency-analyzer.test.
[Bash] {'command': 'npm test -- stack-dependency-analyzer.test.ts --passWithNoTests 2>&1 | tail -20', 'description': 'Run tests again'}
[Edit] {'replace_all': False, 'file_path': '/home/alex/Projects/planar-nexus/.sdd/worktrees/backend-e7af51d8/src/ai/__tests__/stack-dependency-analyzer.test.
[Bash] {'command': 'npm test -- stack-dependency-analyzer.test.ts --passWithNoTests 2>&1 | tail -15', 'description': 'Run tests again'}
