[mcp__SynaBun__recall] {'queries': '["GH#695 CI workflow E2E tests", "GH#685 game state evaluator what-if scenario", "CI pipeline optimization", "Playwright E2E tests", "gam
[mcp__SynaBun__recall] {'query': 'GH#695 CI workflow E2E tests optimization'}
[mcp__SynaBun__recall] {'query': 'GH#685 game state evaluator what-if scenario modeling'}
[mcp__plugin_context-mode_context-mode__ctx_batch_execute] {'commands': '[{"label": "CI workflow configuration", "command": "find . -name \'*.yml\' -o -name \'*.yaml\' | grep -E \'(github|workflow|ci)\' | head
[Read] {'file_path': '/home/alex/Projects/planar-nexus/.sdd/worktrees/backend-a4101d3a/.github/workflows/ci.yml'}
[Read] {'file_path': '/home/alex/Projects/planar-nexus/.sdd/worktrees/backend-a4101d3a/playwright.config.ts'}
[Read] {'file_path': '/home/alex/Projects/planar-nexus/.sdd/worktrees/backend-a4101d3a/src/ai/game-state-evaluator.ts'}
I have the full context. Starting implementation of both tasks.

**Task 1: CI Workflow Optimization** - Will:
1. Add Playwright browser cache
2. Increase workers from 1 to 2
3. Make E2E depend on fast checks

**Task 2: What-if Scenario Modeling** - Will add projection capability to the evaluator.
[Edit] {'replace_all': False, 'file_path': '/home/alex/Projects/planar-nexus/.sdd/worktrees/backend-a4101d3a/.github/workflows/ci.yml', 'old_string': '  e2e:
[Edit] {'replace_all': False, 'file_path': '/home/alex/Projects/planar-nexus/.sdd/worktrees/backend-a4101d3a/.github/workflows/ci.yml', 'old_string': '      
[Edit] {'replace_all': False, 'file_path': '/home/alex/Projects/planar-nexus/.sdd/worktrees/backend-a4101d3a/playwright.config.ts', 'old_string': '  // Numbe
Now implementing **Task 2: What-if Scenario Modeling** - adding projection capability to the evaluator.
[Edit] {'replace_all': False, 'file_path': '/home/alex/Projects/planar-nexus/.sdd/worktrees/backend-a4101d3a/src/ai/game-state-evaluator.ts', 'old_string': '
[Edit] {'replace_all': False, 'file_path': '/home/alex/Projects/planar-nexus/.sdd/worktrees/backend-a4101d3a/src/ai/game-state-evaluator.ts', 'old_string': '
Now adding convenience functions and updating exports:
[Edit] {'replace_all': False, 'file_path': '/home/alex/Projects/planar-nexus/.sdd/worktrees/backend-a4101d3a/src/ai/game-state-evaluator.ts', 'old_string': "
[Edit] {'replace_all': False, 'file_path': '/home/alex/Projects/planar-nexus/.sdd/worktrees/backend-a4101d3a/src/ai/game-state-evaluator.ts', 'old_string': '
[Read] {'file_path': '/home/alex/Projects/planar-nexus/.sdd/worktrees/backend-a4101d3a/src/ai/__tests__/game-state-evaluator.test.ts'}
[Edit] {'replace_all': False, 'file_path': '/home/alex/Projects/planar-nexus/.sdd/worktrees/backend-a4101d3a/src/ai/__tests__/game-state-evaluator.test.ts', 
[Edit] {'replace_all': False, 'file_path': '/home/alex/Projects/planar-nexus/.sdd/worktrees/backend-a4101d3a/src/ai/__tests__/game-state-evaluator.test.ts', 
[Bash] {'command': 'npm test -- src/ai/__tests__/game-state-evaluator.test.ts --no-coverage 2>&1 | head -100', 'description': 'Run game state evaluator tests
The tests are failing because the hand card structure uses `cardInstanceId` but the projection code looks for `id`. Let me fix the projection function to handle both:
[Read] {'file_path': '/home/alex/Projects/planar-nexus/.sdd/worktrees/backend-a4101d3a/src/lib/game-state/types.ts', 'limit': 100}
[Read] {'file_path': '/home/alex/Projects/planar-nexus/.sdd/worktrees/backend-a4101d3a/src/lib/game-state/types.ts', 'offset': 200, 'limit': 150}
[Grep] {'pattern': 'export interface AIHandCard', 'path': '/home/alex/Projects/planar-nexus/.sdd/worktrees/backend-a4101d3a/src/lib/game-state/types.ts', 'ou
I see the issue - `AIHandCard` uses `cardInstanceId`, not `id`. Let me fix the projection function:
[Edit] {'replace_all': False, 'file_path': '/home/alex/Projects/planar-nexus/.sdd/worktrees/backend-a4101d3a/src/ai/game-state-evaluator.ts', 'old_string': '
[Grep] {'-A': 20, 'output_mode': 'content', 'path': '/home/alex/Projects/planar-nexus/.sdd/worktrees/backend-a4101d3a/src/lib/game-state/types.ts', 'pattern'
